This file contains any messages produced by compilers while
running configure, to aid debugging if configure makes a mistake.

It was created by HiGWAS configure 0.5.0, which was
generated by GNU Autoconf 2.69.  Invocation command line was

  $ ./configure --with-cuda-home=/usr/local/cuda-8.0

## --------- ##
## Platform. ##
## --------- ##

hostname = cbsugpu01.biohpc.cornell.edu
uname -m = x86_64
uname -r = 3.10.0-957.1.3.el7.x86_64
uname -s = Linux
uname -v = #1 SMP Thu Nov 29 14:49:43 UTC 2018

/usr/bin/uname -p = x86_64
/bin/uname -X     = unknown

/bin/arch              = x86_64
/usr/bin/arch -k       = unknown
/usr/convex/getsysinfo = unknown
/usr/bin/hostinfo      = unknown
/bin/machine           = unknown
/usr/bin/oslevel       = unknown
/bin/universe          = unknown

PATH: /home/zw355/lib/protobuf/bin
PATH: /home/zw355/perl5/bin
PATH: /home/zw355/miniconda3/.bds
PATH: /programs/sambamba-0.6.7/
PATH: /programs/parallel/bin
PATH: /home/zw355/MGT-Scan/gt-scan
PATH: /programs/R-3.4.2/bin
PATH: /programs/bin
PATH: /home/zw355/lib/plink1.9/
PATH: /home/zw355/lib/bin
PATH: /home/zw355/lib/CrossMap/usr/bin
PATH: /workdir/zw355/texinfo/bin
PATH: /workdir/zw355/textlive/2017/bin/x86_64-linux
PATH: /home/zw355/lib/ucsc
PATH: /home/zw355/lib/ompp/bin/
PATH: /home/zw355/lib/protobuf/bin
PATH: /home/zw355/perl5/bin
PATH: /home/zw355/miniconda3/.bds
PATH: /programs/sambamba-0.6.7/
PATH: /programs/parallel/bin
PATH: /home/zw355/MGT-Scan/gt-scan
PATH: /programs/R-3.4.2/bin
PATH: /programs/bin
PATH: /home/zw355/lib/plink1.9/
PATH: /home/zw355/lib/bin
PATH: /home/zw355/lib/CrossMap/usr/bin
PATH: /workdir/zw355/texinfo/bin
PATH: /workdir/zw355/textlive/2017/bin/x86_64-linux
PATH: /home/zw355/lib/ucsc
PATH: /home/zw355/lib/ompp/bin/
PATH: /programs/docker/bin
PATH: /usr/local/bin
PATH: /usr/bin
PATH: /usr/local/sbin
PATH: /usr/sbin
PATH: /programs/bin
PATH: /programs/bin/mummer
PATH: /programs/bin/util
PATH: /programs/bin/bowtie
PATH: /programs/bin/bwa
PATH: /programs/bin/cufflinks
PATH: /programs/bin/samtools
PATH: /programs/bin/bcftools
PATH: /programs/bin/htslib
PATH: /programs/bin/tophat
PATH: /programs/bin/fastx
PATH: /programs/bin/blast
PATH: /programs/bin/blat
PATH: /programs/bin/perlscripts
PATH: /programs/bin/labutils
PATH: /programs/bin/gnuplot
PATH: /programs/bin/seqclean
PATH: /programs/bin/R
PATH: /programs/bin/blast+
PATH: /programs/bin/sra
PATH: /programs/bin/bedtools/bin
PATH: /programs/bin/plink
PATH: /programs/bin/fastqc
PATH: /programs/bin/bowtie2
PATH: /programs/bin/clustalw
PATH: /programs/bin/rsem
PATH: /programs/bin/vcftools
PATH: /programs/RepeatMasker
PATH: /programs/bin/exonerate/bin
PATH: /programs/augustus/bin
PATH: /programs/bin/structure
PATH: /programs/bin/irods
PATH: /programs/bin/bedops
PATH: /programs/iv/x86_64/bin
PATH: /usr/lib64/openmpi/bin
PATH: /programs/bin/hapflk_rh7
PATH: /home/zw355/miniconda3/pkgs/deeptools-2.5.7-py27_0/bin/
PATH: /home/zw355/bin
PATH: /home/zw355/miniconda3/pkgs/deeptools-2.5.7-py27_0/bin/


## ----------- ##
## Core tests. ##
## ----------- ##

configure:1800: checking for gcc
configure:1816: found /usr/bin/gcc
configure:1827: result: gcc
configure:1858: checking for C compiler version
configure:1867: gcc --version >&5
gcc (GCC) 4.8.5 20150623 (Red Hat 4.8.5-36)
Copyright (C) 2015 Free Software Foundation, Inc.
This is free software; see the source for copying conditions.  There is NO
warranty; not even for MERCHANTABILITY or FITNESS FOR A PARTICULAR PURPOSE.

configure:1878: $? = 0
configure:1867: gcc -v >&5
Using built-in specs.
COLLECT_GCC=gcc
COLLECT_LTO_WRAPPER=/usr/libexec/gcc/x86_64-redhat-linux/4.8.5/lto-wrapper
Target: x86_64-redhat-linux
Configured with: ../configure --prefix=/usr --mandir=/usr/share/man --infodir=/usr/share/info --with-bugurl=http://bugzilla.redhat.com/bugzilla --enable-bootstrap --enable-shared --enable-threads=posix --enable-checking=release --with-system-zlib --enable-__cxa_atexit --disable-libunwind-exceptions --enable-gnu-unique-object --enable-linker-build-id --with-linker-hash-style=gnu --enable-languages=c,c++,objc,obj-c++,java,fortran,ada,go,lto --enable-plugin --enable-initfini-array --disable-libgcj --with-isl=/builddir/build/BUILD/gcc-4.8.5-20150702/obj-x86_64-redhat-linux/isl-install --with-cloog=/builddir/build/BUILD/gcc-4.8.5-20150702/obj-x86_64-redhat-linux/cloog-install --enable-gnu-indirect-function --with-tune=generic --with-arch_32=x86-64 --build=x86_64-redhat-linux
Thread model: posix
gcc version 4.8.5 20150623 (Red Hat 4.8.5-36) (GCC) 
configure:1878: $? = 0
configure:1867: gcc -V >&5
gcc: error: unrecognized command line option '-V'
gcc: fatal error: no input files
compilation terminated.
configure:1878: $? = 4
configure:1867: gcc -qversion >&5
gcc: error: unrecognized command line option '-qversion'
gcc: fatal error: no input files
compilation terminated.
configure:1878: $? = 4
configure:1898: checking whether the C compiler works
configure:1920: gcc    conftest.c  >&5
configure:1924: $? = 0
configure:1972: result: yes
configure:1975: checking for C compiler default output file name
configure:1977: result: a.out
configure:1983: checking for suffix of executables
configure:1990: gcc -o conftest    conftest.c  >&5
configure:1994: $? = 0
configure:2016: result: 
configure:2038: checking whether we are cross compiling
configure:2046: gcc -o conftest    conftest.c  >&5
configure:2050: $? = 0
configure:2057: ./conftest
configure:2061: $? = 0
configure:2076: result: no
configure:2081: checking for suffix of object files
configure:2103: gcc -c   conftest.c >&5
configure:2107: $? = 0
configure:2128: result: o
configure:2132: checking whether we are using the GNU C compiler
configure:2151: gcc -c   conftest.c >&5
configure:2151: $? = 0
configure:2160: result: yes
configure:2169: checking whether gcc accepts -g
configure:2189: gcc -c -g  conftest.c >&5
configure:2189: $? = 0
configure:2230: result: yes
configure:2247: checking for gcc option to accept ISO C89
configure:2310: gcc  -c -g -O2  conftest.c >&5
configure:2310: $? = 0
configure:2323: result: none needed
configure:2358: result: setting CUDA home directory to /usr/local/cuda-8.0
configure:2363: checking for /usr/local/cuda-8.0/bin/nvcc
configure:2377: result: no
configure:2382: WARNING: nvcc not found!
configure:2387: checking for /usr/local/cuda-8.0/bin/nvcc
configure:2401: result: no
configure:2410: checking for CUDA headers
configure:2413: checking for /usr/local/cuda-8.0/include/cublas.h
configure:2427: result: yes
configure:2488: result: setting R home directory to /programs/R-3.4.2
configure:2492: checking for R
configure:2508: found /programs/R-3.4.2/bin/R
configure:2519: result: yes
configure:2532: result: setting R header files to /programs/R-3.4.2/include
configure:2712: creating ./config.status

## ---------------------- ##
## Running config.status. ##
## ---------------------- ##

This file was extended by HiGWAS config.status 0.5.0, which was
generated by GNU Autoconf 2.69.  Invocation command line was

  CONFIG_FILES    = 
  CONFIG_HEADERS  = 
  CONFIG_LINKS    = 
  CONFIG_COMMANDS = 
  $ ./config.status 

on cbsugpu01.biohpc.cornell.edu

config.status:727: creating src/Makefile

## ---------------- ##
## Cache variables. ##
## ---------------- ##

ac_cv_c_compiler_gnu=yes
ac_cv_env_CC_set=
ac_cv_env_CC_value=
ac_cv_env_CFLAGS_set=
ac_cv_env_CFLAGS_value=
ac_cv_env_CPPFLAGS_set=
ac_cv_env_CPPFLAGS_value=
ac_cv_env_LDFLAGS_set=
ac_cv_env_LDFLAGS_value=
ac_cv_env_LIBS_set=
ac_cv_env_LIBS_value=
ac_cv_env_build_alias_set=
ac_cv_env_build_alias_value=
ac_cv_env_host_alias_set=
ac_cv_env_host_alias_value=
ac_cv_env_target_alias_set=
ac_cv_env_target_alias_value=
ac_cv_file__usr_local_cuda_8_0_bin_nvcc=no
ac_cv_file__usr_local_cuda_8_0_include_cublas_h=yes
ac_cv_objext=o
ac_cv_prog_ac_ct_CC=gcc
ac_cv_prog_cc_c89=
ac_cv_prog_cc_g=yes
ac_cv_prog_check_R=yes

## ----------------- ##
## Output variables. ##
## ----------------- ##

CC='gcc'
CFLAGS='-std=gnu99 -O2 -funroll-loops -fomit-frame-pointer -ffast-math  -I/programs/R-3.4.2/include -Wall -fPIC -D_GNU_SOURCE '
COMPILE_CUDA=''
CPPFLAGS=''
CUDA_LIBS=''
CXXFLAGS='-O2 -funroll-loops -fomit-frame-pointer -ffast-math  -I/programs/R-3.4.2/include -Wall -fPIC -D_GNU_SOURCE '
DEFS='-DPACKAGE_NAME=\"HiGWAS\" -DPACKAGE_TARNAME=\"higwas\" -DPACKAGE_VERSION=\"0.5.0\" -DPACKAGE_STRING=\"HiGWAS\ 0.5.0\" -DPACKAGE_BUGREPORT=\"\" -DPACKAGE_URL=\"\"'
ECHO_C=''
ECHO_N='-n'
ECHO_T=''
EXEEXT=''
LDFLAGS=''
LIBOBJS=''
LIBS=''
LINKER='gcc -std=gnu99'
LTLIBOBJS=''
NCFLAGS='-arch=sm_50 -O2 -I/usr/local/cuda-8.0/include -DUSECUDA -Xcompiler "-O2 -fpic -I/programs/R-3.4.2/include" -dlink -lcublas'
NVCC='/usr/local/cuda-8.0/bin/nvcc'
OBJEXT='o'
PACKAGE_BUGREPORT=''
PACKAGE_NAME='HiGWAS'
PACKAGE_STRING='HiGWAS 0.5.0'
PACKAGE_TARNAME='higwas'
PACKAGE_URL=''
PACKAGE_VERSION='0.5.0'
PATH_SEPARATOR=':'
R_LIBS='-L/programs/R-3.4.2/lib -lRblas -L/programs/R-3.4.2/lib -lRlapack'
SHELL='/bin/sh'
ac_ct_CC='gcc'
bindir='${exec_prefix}/bin'
build_alias=''
check_R='yes'
datadir='${datarootdir}'
datarootdir='${prefix}/share'
docdir='${datarootdir}/doc/${PACKAGE_TARNAME}'
dvidir='${docdir}'
exec_prefix='${prefix}'
host_alias=''
htmldir='${docdir}'
includedir='${prefix}/include'
infodir='${datarootdir}/info'
libdir='${exec_prefix}/lib'
libexecdir='${exec_prefix}/libexec'
localedir='${datarootdir}/locale'
localstatedir='${prefix}/var'
mandir='${datarootdir}/man'
oldincludedir='/usr/include'
pdfdir='${docdir}'
prefix='/usr/local'
program_transform_name='s,x,x,'
psdir='${docdir}'
sbindir='${exec_prefix}/sbin'
sharedstatedir='${prefix}/com'
sysconfdir='${prefix}/etc'
target_alias=''

## ----------- ##
## confdefs.h. ##
## ----------- ##

/* confdefs.h */
#define PACKAGE_NAME "HiGWAS"
#define PACKAGE_TARNAME "higwas"
#define PACKAGE_VERSION "0.5.0"
#define PACKAGE_STRING "HiGWAS 0.5.0"
#define PACKAGE_BUGREPORT ""
#define PACKAGE_URL ""

configure: exit 0
